
================================================================
======== txAdmin v7.1.0 atop fxserver 8102 Starting - 5/19/2024, 12:25:43 AM
================================================================

================================================================
======== Log Rotated - 5/19/2024, 12:25:43 AM                   
================================================================
[00:34:24][ghsxth] logged in from 45.167.162.20 via cfxre
[00:34:27][ghsxth] executed "refresh"
[00:34:31][ghsxth] executed "refresh"

================================================================
======== txAdmin v7.1.0 atop fxserver 8102 Starting - 5/19/2024, 12:44:57 AM
================================================================

================================================================
======== txAdmin v7.1.0 atop fxserver 8102 Starting - 5/19/2024, 12:47:28 AM
================================================================

================================================================
======== txAdmin v7.1.0 atop fxserver 8102 Starting - 5/19/2024, 12:48:42 AM
================================================================

================================================================
======== txAdmin v7.1.0 atop fxserver 8102 Starting - 5/19/2024, 12:57:57 AM
================================================================

================================================================
======== txAdmin v7.1.0 atop fxserver 8102 Starting - 5/19/2024, 1:18:16 AM
================================================================

================================================================
======== txAdmin v7.1.0 atop fxserver 8102 Starting - 5/19/2024, 1:18:22 AM
================================================================
[02:21:26][ghsxth] logged in from 45.167.162.20 via cfxre

================================================================
======== txAdmin v7.1.0 atop fxserver 8102 Starting - 5/19/2024, 3:47:40 AM
================================================================
[04:18:53][ghsxth] logged in from 45.167.162.20 via cfxre
[16:09:13][swamp] logged in from 179.165.4.79 via password

================================================================
======== txAdmin v7.1.0 atop fxserver 8102 Starting - 5/19/2024, 4:30:23 PM
================================================================

================================================================
======== txAdmin v7.1.0 atop fxserver 8102 Starting - 5/19/2024, 8:16:05 PM
================================================================

================================================================
======== txAdmin v7.1.0 atop fxserver 8102 Starting - 5/19/2024, 8:42:09 PM
================================================================
