
================================================================
======== Log Rotated - 5/21/2024, 12:00:00 AM                   
================================================================
[          script:vrp] Realizado o save do banco de dados.
[ citizen-server-impl] sync thread hitch warning: timer interval of 141 milliseconds
[ citizen-server-impl] server thread hitch warning: timer interval of 170 milliseconds
[        script:admin] SCRIPT ERROR: @admin/server-side/core.lua:868: attempt to call a nil value (global 'VehicleExist')
[        script:admin] > ref (@admin/server-side/core.lua:868)
[        script:admin] SCRIPT ERROR: @admin/server-side/core.lua:868: attempt to call a nil value (global 'VehicleExist')
[        script:admin] > ref (@admin/server-side/core.lua:868)
[38;5;73m[ citizen-server-impl] sync thread hitch warning: timer interval of 156 milliseconds
[ citizen-server-impl] server thread hitch warning: timer interval of 201 milliseconds
[ citizen-server-impl] server thread hitch warning: timer interval of 164 milliseconds
[ citizen-server-impl] sync thread hitch warning: timer interval of 109 milliseconds
[ citizen-server-impl] server thread hitch warning: timer interval of 180 milliseconds
[ citizen-server-impl] sync thread hitch warning: timer interval of 174 milliseconds
[ citizen-server-impl] server thread hitch warning: timer interval of 278 milliseconds
[38;5;73m[ citizen-server-impl] sync thread hitch warning: timer interval of 127 milliseconds
[ citizen-server-impl] sync thread hitch warning: timer interval of 256 milliseconds
[ citizen-server-impl] server thread hitch warning: timer interval of 281 milliseconds
[ citizen-server-impl] sync thread hitch warning: timer interval of 110 milliseconds
[ citizen-server-impl] server thread hitch warning: timer interval of 185 milliseconds
[ citizen-server-impl] sync thread hitch warning: timer interval of 101 milliseconds
[ citizen-server-impl] server thread hitch warning: timer interval of 231 milliseconds
[ citizen-server-impl] sync thread hitch warning: timer interval of 192 milliseconds
[ citizen-server-impl] sync thread hitch warning: timer interval of 305 milliseconds
[ citizen-server-impl] server thread hitch warning: timer interval of 340 milliseconds
[ citizen-server-impl] sync thread hitch warning: timer interval of 148 milliseconds
[ citizen-server-impl] server thread hitch warning: timer interval of 187 milliseconds
[ citizen-server-impl] sync thread hitch warning: timer interval of 103 milliseconds
[ citizen-server-impl] sync thread hitch warning: timer interval of 174 milliseconds
[ citizen-server-impl] server thread hitch warning: timer interval of 225 milliseconds
[ citizen-server-impl] server thread hitch warning: timer interval of 152 milliseconds
[ citizen-server-impl] server thread hitch warning: timer interval of 195 milliseconds
[ citizen-server-impl] sync thread hitch warning: timer interval of 195 milliseconds
[ citizen-server-impl] sync thread hitch warning: timer interval of 122 milliseconds
[        script:admin] SCRIPT ERROR: @admin/server-side/core.lua:868: attempt to call a nil value (global 'VehicleExist')
[        script:admin] > ref (@admin/server-side/core.lua:868)
[ citizen-server-impl] sync thread hitch warning: timer interval of 104 milliseconds
[ citizen-server-impl] sync thread hitch warning: timer interval of 143 milliseconds
[ citizen-server-impl] server thread hitch warning: timer interval of 186 milliseconds
[        script:admin] SCRIPT ERROR: @admin/server-side/core.lua:868: attempt to call a nil value (global 'VehicleExist')
[        script:admin] > ref (@admin/server-side/core.lua:868)
[ citizen-server-impl] sync thread hitch warning: timer interval of 125 milliseconds
[ citizen-server-impl] sync thread hitch warning: timer interval of 143 milliseconds
[ citizen-server-impl] sync thread hitch warning: timer interval of 136 milliseconds
[ citizen-server-impl] server thread hitch warning: timer interval of 165 milliseconds
[ citizen-server-impl] server thread hitch warning: timer interval of 202 milliseconds
[ citizen-server-impl] sync thread hitch warning: timer interval of 136 milliseconds
[ citizen-server-impl] sync thread hitch warning: timer interval of 179 milliseconds
[ citizen-server-impl] server thread hitch warning: timer interval of 202 milliseconds
[ citizen-server-impl] sync thread hitch warning: timer interval of 107 milliseconds
[ citizen-server-impl] sync thread hitch warning: timer interval of 188 milliseconds
[ citizen-server-impl] server thread hitch warning: timer interval of 206 milliseconds
[ citizen-server-impl] sync thread hitch warning: timer interval of 116 milliseconds
[ citizen-server-impl] server thread hitch warning: timer interval of 192 milliseconds
[ citizen-server-impl] sync thread hitch warning: timer interval of 120 milliseconds
[ citizen-server-impl] sync thread hitch warning: timer interval of 111 milliseconds
[ citizen-server-impl] sync thread hitch warning: timer interval of 111 milliseconds
[ citizen-server-impl] sync thread hitch warning: timer interval of 125 milliseconds
[ citizen-server-impl] server thread hitch warning: timer interval of 172 milliseconds
[ citizen-server-impl] server thread hitch warning: timer interval of 173 milliseconds
[ citizen-server-impl] sync thread hitch warning: timer interval of 121 milliseconds
[ citizen-server-impl] server thread hitch warning: timer interval of 154 milliseconds
[ citizen-server-impl] sync thread hitch warning: timer interval of 134 milliseconds
[ citizen-server-impl] server thread hitch warning: timer interval of 224 milliseconds
[ citizen-server-impl] sync thread hitch warning: timer interval of 160 milliseconds
[38;5;73m[ citizen-server-impl] sync thread hitch warning: timer interval of 113 milliseconds
[ citizen-server-impl] sync thread hitch warning: timer interval of 132 milliseconds
[ citizen-server-impl] server thread hitch warning: timer interval of 238 milliseconds
[ citizen-server-impl] server thread hitch warning: timer interval of 163 milliseconds
[ citizen-server-impl] sync thread hitch warning: timer interval of 116 milliseconds
[ citizen-server-impl] sync thread hitch warning: timer interval of 124 milliseconds
[ citizen-server-impl] server thread hitch warning: timer interval of 158 milliseconds
[ citizen-server-impl] sync thread hitch warning: timer interval of 106 milliseconds
[ citizen-server-impl] sync thread hitch warning: timer interval of 108 milliseconds
[ citizen-server-impl] sync thread hitch warning: timer interval of 116 milliseconds
[ citizen-server-impl] server thread hitch warning: timer interval of 163 milliseconds
[ citizen-server-impl] sync thread hitch warning: timer interval of 108 milliseconds
[ citizen-server-impl] server thread hitch warning: timer interval of 167 milliseconds
[ citizen-server-impl] sync thread hitch warning: timer interval of 122 milliseconds
[ citizen-server-impl] server thread hitch warning: timer interval of 190 milliseconds
[ citizen-server-impl] sync thread hitch warning: timer interval of 160 milliseconds
[ citizen-server-impl] server thread hitch warning: timer interval of 180 milliseconds
[ citizen-server-impl] sync thread hitch warning: timer interval of 119 milliseconds
[ citizen-server-impl] server thread hitch warning: timer interval of 251 milliseconds
[ citizen-server-impl] sync thread hitch warning: timer interval of 173 milliseconds
[ citizen-server-impl] sync thread hitch warning: timer interval of 107 milliseconds
[ citizen-server-impl] sync thread hitch warning: timer interval of 101 milliseconds
[ citizen-server-impl] server thread hitch warning: timer interval of 153 milliseconds
[ citizen-server-impl] sync thread hitch warning: timer interval of 108 milliseconds
[ citizen-server-impl] server thread hitch warning: timer interval of 188 milliseconds
[ citizen-server-impl] server thread hitch warning: timer interval of 160 milliseconds
[ citizen-server-impl] sync thread hitch warning: timer interval of 110 milliseconds
[ citizen-server-impl] sync thread hitch warning: timer interval of 104 milliseconds
[ citizen-server-impl] sync thread hitch warning: timer interval of 104 milliseconds
[ citizen-server-impl] server thread hitch warning: timer interval of 156 milliseconds
[ citizen-server-impl] sync thread hitch warning: timer interval of 106 milliseconds
[ citizen-server-impl] server thread hitch warning: timer interval of 291 milliseconds
[ citizen-server-impl] sync thread hitch warning: timer interval of 152 milliseconds
[ citizen-server-impl] server thread hitch warning: timer interval of 193 milliseconds
[ citizen-server-impl] sync thread hitch warning: timer interval of 186 milliseconds
[ citizen-server-impl] sync thread hitch warning: timer interval of 143 milliseconds
[ citizen-server-impl] server thread hitch warning: timer interval of 185 milliseconds
[ citizen-server-impl] server thread hitch warning: timer interval of 165 milliseconds
[ citizen-server-impl] sync thread hitch warning: timer interval of 103 milliseconds
[        script:admin] SCRIPT ERROR: @admin/server-side/core.lua:868: attempt to call a nil value (global 'VehicleExist')
[        script:admin] > ref (@admin/server-side/core.lua:868)
[        script:admin] SCRIPT ERROR: @admin/server-side/core.lua:868: attempt to call a nil value (global 'VehicleExist')
[        script:admin] > ref (@admin/server-side/core.lua:868)
[        script:admin] SCRIPT ERROR: @admin/server-side/core.lua:868: attempt to call a nil value (global 'VehicleExist')
[        script:admin] > ref (@admin/server-side/core.lua:868)
[ citizen-server-impl] sync thread hitch warning: timer interval of 103 milliseconds
[ citizen-server-impl] sync thread hitch warning: timer interval of 102 milliseconds
[        script:admin] SCRIPT ERROR: @admin/server-side/core.lua:868: attempt to call a nil value (global 'VehicleExist')
[        script:admin] > ref (@admin/server-side/core.lua:868)
[        script:admin] SCRIPT ERROR: @admin/server-side/core.lua:868: attempt to call a nil value (global 'VehicleExist')
[        script:admin] > ref (@admin/server-side/core.lua:868)
[        script:admin] SCRIPT ERROR: @admin/server-side/core.lua:868: attempt to call a nil value (global 'VehicleExist')
[        script:admin] > ref (@admin/server-side/core.lua:868)
[        script:admin] SCRIPT ERROR: @admin/server-side/core.lua:868: attempt to call a nil value (global 'VehicleExist')
[        script:admin] > ref (@admin/server-side/core.lua:868)
[        script:admin] SCRIPT ERROR: @admin/server-side/core.lua:868: attempt to call a nil value (global 'VehicleExist')
[        script:admin] > ref (@admin/server-side/core.lua:868)
[        script:admin] SCRIPT ERROR: @admin/server-side/core.lua:868: attempt to call a nil value (global 'VehicleExist')
[        script:admin] > ref (@admin/server-side/core.lua:868)
[ citizen-server-impl] server thread hitch warning: timer interval of 202 milliseconds
[        script:admin] SCRIPT ERROR: @admin/server-side/core.lua:868: attempt to call a nil value (global 'VehicleExist')
[        script:admin] > ref (@admin/server-side/core.lua:868)
[        script:admin] SCRIPT ERROR: @admin/server-side/core.lua:868: attempt to call a nil value (global 'VehicleExist')
[        script:admin] > ref (@admin/server-side/core.lua:868)
[          script:vrp] Realizado o save do banco de dados.
[        script:admin] SCRIPT ERROR: @admin/server-side/core.lua:868: attempt to call a nil value (global 'VehicleExist')
[        script:admin] > ref (@admin/server-side/core.lua:868)
[        script:admin] SCRIPT ERROR: @admin/server-side/core.lua:868: attempt to call a nil value (global 'VehicleExist')
[        script:admin] > ref (@admin/server-side/core.lua:868)
[        script:admin] SCRIPT ERROR: @admin/server-side/core.lua:868: attempt to call a nil value (global 'VehicleExist')
[        script:admin] > ref (@admin/server-side/core.lua:868)
[        script:admin] SCRIPT ERROR: @admin/server-side/core.lua:868: attempt to call a nil value (global 'VehicleExist')
[        script:admin] > ref (@admin/server-side/core.lua:868)
[        script:admin] SCRIPT ERROR: @admin/server-side/core.lua:868: attempt to call a nil value (global 'VehicleExist')
[        script:admin] > ref (@admin/server-side/core.lua:868)
[        script:admin] SCRIPT ERROR: @admin/server-side/core.lua:867: attempt to call a nil value (global 'VehicleExist')
[        script:admin] > ref (@admin/server-side/core.lua:867)
[        script:admin] SCRIPT ERROR: @admin/server-side/core.lua:867: attempt to call a nil value (global 'VehicleExist')
[        script:admin] > ref (@admin/server-side/core.lua:867)
[        script:admin] SCRIPT ERROR: @admin/server-side/core.lua:868: attempt to call a nil value (global 'VehicleExist')
[        script:admin] > ref (@admin/server-side/core.lua:868)
[        script:admin] SCRIPT ERROR: @admin/server-side/core.lua:868: attempt to call a nil value (global 'VehicleExist')
[        script:admin] > ref (@admin/server-side/core.lua:868)
[        script:admin] SCRIPT ERROR: @admin/server-side/core.lua:868: attempt to call a nil value (global 'VehicleExist')
[        script:admin] > ref (@admin/server-side/core.lua:868)
[        script:admin] SCRIPT ERROR: @admin/server-side/core.lua:868: attempt to call a nil value (global 'VehicleExist')
[        script:admin] > ref (@admin/server-side/core.lua:868)
[        script:admin] SCRIPT ERROR: @admin/server-side/core.lua:868: attempt to call a nil value (global 'VehicleExist')
[        script:admin] > ref (@admin/server-side/core.lua:868)
[        script:admin] SCRIPT ERROR: @admin/server-side/core.lua:868: attempt to call a nil value (global 'VehicleExist')
[        script:admin] > ref (@admin/server-side/core.lua:868)
[        script:admin] SCRIPT ERROR: @admin/server-side/core.lua:868: attempt to call a nil value (global 'VehicleExist')
[        script:admin] > ref (@admin/server-side/core.lua:868)
[        script:admin] SCRIPT ERROR: @admin/server-side/core.lua:868: attempt to call a nil value (global 'VehicleExist')
[        script:admin] > ref (@admin/server-side/core.lua:868)
[        script:admin] SCRIPT ERROR: @admin/server-side/core.lua:868: attempt to call a nil value (global 'VehicleExist')
[        script:admin] > ref (@admin/server-side/core.lua:868)
[        script:admin] SCRIPT ERROR: @admin/server-side/core.lua:868: attempt to call a nil value (global 'VehicleExist')
[        script:admin] > ref (@admin/server-side/core.lua:868)
[        script:admin] SCRIPT ERROR: @admin/server-side/core.lua:868: attempt to call a nil value (global 'VehicleExist')
[        script:admin] > ref (@admin/server-side/core.lua:868)
[        script:admin] SCRIPT ERROR: @admin/server-side/core.lua:868: attempt to call a nil value (global 'VehicleExist')
[        script:admin] > ref (@admin/server-side/core.lua:868)
[        script:admin] SCRIPT ERROR: @admin/server-side/core.lua:868: attempt to call a nil value (global 'VehicleExist')
[        script:admin] > ref (@admin/server-side/core.lua:868)
[        script:admin] SCRIPT ERROR: @admin/server-side/core.lua:868: attempt to call a nil value (global 'VehicleExist')
[        script:admin] > ref (@admin/server-side/core.lua:868)
[        script:admin] SCRIPT ERROR: @admin/server-side/core.lua:868: attempt to call a nil value (global 'VehicleExist')
[        script:admin] > ref (@admin/server-side/core.lua:868)
[        script:admin] SCRIPT ERROR: @admin/server-side/core.lua:868: attempt to call a nil value (global 'VehicleExist')
[        script:admin] > ref (@admin/server-side/core.lua:868)
[        script:admin] SCRIPT ERROR: @admin/server-side/core.lua:868: attempt to call a nil value (global 'VehicleExist')
[        script:admin] > ref (@admin/server-side/core.lua:868)
[        script:admin] [91mSCRIPT ERROR: @admin/server-side/core.lua:868: attempt to call a nil value (global 'VehicleExist')
[        script:admin] > ref (@admin/server-side/core.lua:868)
[          script:vrp] Realizado o save do banco de dados.
