
================================================================
======== Log Rotated - 5/19/2024, 12:00:00 AM                   
================================================================
[12:07:26 AM] [RkVW9#3] Almeida: joined with identifiers [steam:1100001442b071d; license:c33b4cf641e3f178bf8b75a12015a8e1878371db; xbl:2535409195737996; live:985155375178190; discord:1207286694446112778; fivem:12219421; license2:2c72e88793dbb0609f73de38058538cd46b9ab79]
[12:11:50 AM] [RkVW9#3] Almeida: caused an explosion (PLANE)
[12:13:20 AM] [RkVW9#3] Almeida: disconnected (Exiting)
[12:20:44 AM] [RkVW9#1] ghsxth: disconnected (Server shutting down: SIGHUP received)

================================================================
======== txAdmin Starting - 5/19/2024, 12:25:43 AM              
================================================================
[12:25:51 AM] txAdmin: Logger started
[12:29:48 AM] [yhRLz#1] ghsxth: joined with identifiers [steam:11000010b55307f; license:fdc00e8eae2c1c097946e8882e5a0266f8dd0abb; xbl:2533275021692626; live:844428383880324; discord:1162027375882686564; license2:2c62392f6274d372bfc9ef73a38764e4bce8a59f]
[12:42:35 AM] [yhRLz#1] ghsxth: disconnected (Server shutting down: SIGHUP received)

================================================================
======== txAdmin Starting - 5/19/2024, 12:44:57 AM              
================================================================
[12:45:04 AM] txAdmin: Logger started
[12:45:44 AM] [eibGc#1] ghsxth: joined with identifiers [steam:11000010b55307f; license:fdc00e8eae2c1c097946e8882e5a0266f8dd0abb; xbl:2533275021692626; live:844428383880324; discord:1162027375882686564; license2:2c62392f6274d372bfc9ef73a38764e4bce8a59f]
[12:46:59 AM] [eibGc#1] ghsxth: disconnected (Exiting)

================================================================
======== txAdmin Starting - 5/19/2024, 12:47:28 AM              
================================================================
[12:47:49 AM] txAdmin: Logger started

================================================================
======== txAdmin Starting - 5/19/2024, 12:48:42 AM              
================================================================
[12:49:03 AM] txAdmin: Logger started
[12:49:45 AM] [Lfbik#1] ghsxth: joined with identifiers [steam:11000010b55307f; license:fdc00e8eae2c1c097946e8882e5a0266f8dd0abb; xbl:2533275021692626; live:844428383880324; discord:1162027375882686564; license2:2c62392f6274d372bfc9ef73a38764e4bce8a59f]
[12:57:33 AM] [Lfbik#1] ghsxth: disconnected (Exiting)

================================================================
======== txAdmin Starting - 5/19/2024, 12:57:57 AM              
================================================================
[12:58:02 AM] txAdmin: Logger started
[12:58:27 AM] [CrPX8#1] ghsxth: joined with identifiers [steam:11000010b55307f; license:fdc00e8eae2c1c097946e8882e5a0266f8dd0abb; xbl:2533275021692626; live:844428383880324; discord:1162027375882686564; license2:2c62392f6274d372bfc9ef73a38764e4bce8a59f]
[1:05:39 AM] [CrPX8#1] ghsxth: died from suicide (Fist)
[1:09:30 AM] [CrPX8#1] ghsxth: disconnected (Exiting)

================================================================
======== txAdmin Starting - 5/19/2024, 1:18:16 AM               
================================================================

================================================================
======== txAdmin Starting - 5/19/2024, 1:18:22 AM               
================================================================
[1:18:46 AM] txAdmin: Logger started
[1:19:52 AM] [DGcek#1] ghsxth: joined with identifiers [steam:11000010b55307f; license:fdc00e8eae2c1c097946e8882e5a0266f8dd0abb; xbl:2533275021692626; live:844428383880324; discord:1162027375882686564; license2:2c62392f6274d372bfc9ef73a38764e4bce8a59f]
[1:28:16 AM] [DGcek#1] ghsxth: disconnected (Exiting)
[2:21:19 AM] [DGcek#2] Swamp!: joined with identifiers [steam:110000112c50008; license:bf9c924c8c3ec046c0039e39b4067a632b6823b8; live:1055520354471313; discord:870095664187584553; license2:ef2e0685c5c1db67963d1d07252efc9fb6b66986]
[2:22:11 AM] [DGcek#3] ghsxth: joined with identifiers [steam:11000010b55307f; license:fdc00e8eae2c1c097946e8882e5a0266f8dd0abb; xbl:2533275021692626; live:844428383880324; discord:1162027375882686564; license2:2c62392f6274d372bfc9ef73a38764e4bce8a59f]
[2:29:45 AM] [DGcek#3] ghsxth: died from suicide (Falling)
[2:46:57 AM] [DGcek#2] Swamp!: disconnected (Exiting)
[2:58:54 AM] [DGcek#3] ghsxth: disconnected (Exiting)

================================================================
======== txAdmin Starting - 5/19/2024, 3:47:40 AM               
================================================================
[3:48:56 AM] txAdmin: Logger started
[3:49:45 AM] [CmbFi#1] ghsxth: joined with identifiers [steam:11000010b55307f; license:fdc00e8eae2c1c097946e8882e5a0266f8dd0abb; xbl:2533275021692626; live:844428383880324; discord:1162027375882686564; license2:2c62392f6274d372bfc9ef73a38764e4bce8a59f]
[3:52:13 AM] [CmbFi#1] ghsxth: disconnected (Exiting)
[3:57:55 AM] [CmbFi#2] ghsxth: joined with identifiers [steam:11000010b55307f; license:fdc00e8eae2c1c097946e8882e5a0266f8dd0abb; xbl:2533275021692626; live:844428383880324; discord:1162027375882686564; license2:2c62392f6274d372bfc9ef73a38764e4bce8a59f]
[4:00:40 AM] [CmbFi#2] ghsxth: disconnected (Exiting)
