
================================================================
======== Log Rotated - 5/19/2024, 12:00:00 AM                   
================================================================
[12:07:26 AM] [RkVW9#3] Almeida: joined with identifiers [steam:1100001442b071d; license:c33b4cf641e3f178bf8b75a12015a8e1878371db; xbl:2535409195737996; live:985155375178190; discord:1207286694446112778; fivem:12219421; license2:2c72e88793dbb0609f73de38058538cd46b9ab79]
[12:11:50 AM] [RkVW9#3] Almeida: caused an explosion (PLANE)
[12:13:20 AM] [RkVW9#3] Almeida: disconnected (Exiting)
[12:20:44 AM] [RkVW9#1] ghsxth: disconnected (Server shutting down: SIGHUP received)

================================================================
======== txAdmin Starting - 5/19/2024, 12:25:43 AM              
================================================================
[12:25:51 AM] txAdmin: Logger started
[12:29:48 AM] [yhRLz#1] ghsxth: joined with identifiers [steam:11000010b55307f; license:fdc00e8eae2c1c097946e8882e5a0266f8dd0abb; xbl:2533275021692626; live:844428383880324; discord:1162027375882686564; license2:2c62392f6274d372bfc9ef73a38764e4bce8a59f]
[12:42:35 AM] [yhRLz#1] ghsxth: disconnected (Server shutting down: SIGHUP received)

================================================================
======== txAdmin Starting - 5/19/2024, 12:44:57 AM              
================================================================
[12:45:04 AM] txAdmin: Logger started
[12:45:44 AM] [eibGc#1] ghsxth: joined with identifiers [steam:11000010b55307f; license:fdc00e8eae2c1c097946e8882e5a0266f8dd0abb; xbl:2533275021692626; live:844428383880324; discord:1162027375882686564; license2:2c62392f6274d372bfc9ef73a38764e4bce8a59f]
[12:46:59 AM] [eibGc#1] ghsxth: disconnected (Exiting)

================================================================
======== txAdmin Starting - 5/19/2024, 12:47:28 AM              
================================================================
[12:47:49 AM] txAdmin: Logger started

================================================================
======== txAdmin Starting - 5/19/2024, 12:48:42 AM              
================================================================
[12:49:03 AM] txAdmin: Logger started
[12:49:45 AM] [Lfbik#1] ghsxth: joined with identifiers [steam:11000010b55307f; license:fdc00e8eae2c1c097946e8882e5a0266f8dd0abb; xbl:2533275021692626; live:844428383880324; discord:1162027375882686564; license2:2c62392f6274d372bfc9ef73a38764e4bce8a59f]
[12:57:33 AM] [Lfbik#1] ghsxth: disconnected (Exiting)

================================================================
======== txAdmin Starting - 5/19/2024, 12:57:57 AM              
================================================================
[12:58:02 AM] txAdmin: Logger started
[12:58:27 AM] [CrPX8#1] ghsxth: joined with identifiers [steam:11000010b55307f; license:fdc00e8eae2c1c097946e8882e5a0266f8dd0abb; xbl:2533275021692626; live:844428383880324; discord:1162027375882686564; license2:2c62392f6274d372bfc9ef73a38764e4bce8a59f]
[1:05:39 AM] [CrPX8#1] ghsxth: died from suicide (Fist)
[1:09:30 AM] [CrPX8#1] ghsxth: disconnected (Exiting)

================================================================
======== txAdmin Starting - 5/19/2024, 1:18:16 AM               
================================================================

================================================================
======== txAdmin Starting - 5/19/2024, 1:18:22 AM               
================================================================
[1:18:46 AM] txAdmin: Logger started
[1:19:52 AM] [DGcek#1] ghsxth: joined with identifiers [steam:11000010b55307f; license:fdc00e8eae2c1c097946e8882e5a0266f8dd0abb; xbl:2533275021692626; live:844428383880324; discord:1162027375882686564; license2:2c62392f6274d372bfc9ef73a38764e4bce8a59f]
[1:28:16 AM] [DGcek#1] ghsxth: disconnected (Exiting)
[2:21:19 AM] [DGcek#2] Swamp!: joined with identifiers [steam:110000112c50008; license:bf9c924c8c3ec046c0039e39b4067a632b6823b8; live:1055520354471313; discord:870095664187584553; license2:ef2e0685c5c1db67963d1d07252efc9fb6b66986]
[2:22:11 AM] [DGcek#3] ghsxth: joined with identifiers [steam:11000010b55307f; license:fdc00e8eae2c1c097946e8882e5a0266f8dd0abb; xbl:2533275021692626; live:844428383880324; discord:1162027375882686564; license2:2c62392f6274d372bfc9ef73a38764e4bce8a59f]
[2:29:45 AM] [DGcek#3] ghsxth: died from suicide (Falling)
[2:46:57 AM] [DGcek#2] Swamp!: disconnected (Exiting)
[2:58:54 AM] [DGcek#3] ghsxth: disconnected (Exiting)

================================================================
======== txAdmin Starting - 5/19/2024, 3:47:40 AM               
================================================================
[3:48:56 AM] txAdmin: Logger started
[3:49:45 AM] [CmbFi#1] ghsxth: joined with identifiers [steam:11000010b55307f; license:fdc00e8eae2c1c097946e8882e5a0266f8dd0abb; xbl:2533275021692626; live:844428383880324; discord:1162027375882686564; license2:2c62392f6274d372bfc9ef73a38764e4bce8a59f]
[3:52:13 AM] [CmbFi#1] ghsxth: disconnected (Exiting)
[3:57:55 AM] [CmbFi#2] ghsxth: joined with identifiers [steam:11000010b55307f; license:fdc00e8eae2c1c097946e8882e5a0266f8dd0abb; xbl:2533275021692626; live:844428383880324; discord:1162027375882686564; license2:2c62392f6274d372bfc9ef73a38764e4bce8a59f]
[4:00:40 AM] [CmbFi#2] ghsxth: disconnected (Exiting)
[4:14:55 AM] [CmbFi#3] sev7ngg: joined with identifiers [steam:11000015bdcc9ba; license:ce64f4c938a885165c39cefe8ed0025cf8992b0e; discord:1102660190211428362; license2:a33e2d2ecced809f75702d9c34d22951daebe34c]
[4:17:58 AM] [CmbFi#3] sev7ngg: disconnected (Exiting)
[6:21:56 AM] [CmbFi#4] ghsxth: joined with identifiers [steam:11000010b55307f; license:fdc00e8eae2c1c097946e8882e5a0266f8dd0abb; xbl:2533275021692626; live:844428383880324; discord:1162027375882686564; license2:2c62392f6274d372bfc9ef73a38764e4bce8a59f]
[6:30:07 AM] [CmbFi#4] ghsxth: disconnected (Exiting)

================================================================
======== txAdmin Starting - 5/19/2024, 4:30:23 PM               
================================================================
[4:30:38 PM] txAdmin: Logger started
[4:36:11 PM] [hKNMp#1] ghsxth: joined with identifiers [steam:11000010b55307f; license:fdc00e8eae2c1c097946e8882e5a0266f8dd0abb; xbl:2533275021692626; live:844428383880324; discord:1162027375882686564; license2:2c62392f6274d372bfc9ef73a38764e4bce8a59f]
[4:44:20 PM] [hKNMp#2] Peixonauto: joined with identifiers [steam:1100001037b2d0e; license:a7fc8c851cfb70db10bbb8e838bbc48fa8d0cf9c; live:985155843894425; discord:1193866542396481560; fivem:9077769; license2:a7fc8c851cfb70db10bbb8e838bbc48fa8d0cf9c]
[4:52:30 PM] [hKNMp#2] Peixonauto: disconnected (Exiting)
[4:53:06 PM] [hKNMp#3] Peixonauto: joined with identifiers [steam:1100001037b2d0e; license:a7fc8c851cfb70db10bbb8e838bbc48fa8d0cf9c; live:985155843894425; discord:1193866542396481560; fivem:9077769; license2:a7fc8c851cfb70db10bbb8e838bbc48fa8d0cf9c]
[4:58:01 PM] [hKNMp#1] ghsxth: disconnected (Exiting)
[5:30:47 PM] [hKNMp#3] Peixonauto: caused an explosion (CAR)
[5:31:01 PM] [hKNMp#3] Peixonauto: caused an explosion (CAR)
[5:31:06 PM] [hKNMp#3] Peixonauto: caused an explosion (CAR)
[5:32:46 PM] [hKNMp#3] Peixonauto: caused an explosion (PLANE)
[5:32:47 PM] [hKNMp#3] Peixonauto: died from suicide
[5:33:05 PM] [hKNMp#3] Peixonauto: caused an explosion (PLANE)
[5:33:05 PM] [hKNMp#3] Peixonauto: died from suicide (Explosion)
[5:38:16 PM] [hKNMp#3] Peixonauto: disconnected (Exiting)
[6:18:36 PM] [hKNMp#4] Peixonauto: joined with identifiers [steam:1100001037b2d0e; license:a7fc8c851cfb70db10bbb8e838bbc48fa8d0cf9c; live:985155843894425; discord:1193866542396481560; fivem:9077769; license2:a7fc8c851cfb70db10bbb8e838bbc48fa8d0cf9c]
[6:23:55 PM] [hKNMp#4] Peixonauto: caused an explosion (CAR)
[6:23:55 PM] [hKNMp#4] Peixonauto: caused an explosion (CAR)
[6:23:56 PM] [hKNMp#4] Peixonauto: caused an explosion (CAR)
[6:24:06 PM] [hKNMp#4] Peixonauto: caused an explosion (PLANE)
[6:24:06 PM] [hKNMp#4] Peixonauto: died from suicide (Fire)
[6:36:12 PM] [hKNMp#4] Peixonauto: caused an explosion (TANKSHELL)
[6:36:12 PM] [hKNMp#4] Peixonauto: caused an explosion (CAR)
[6:36:14 PM] [hKNMp#4] Peixonauto: caused an explosion (TANKSHELL)
[6:36:14 PM] [hKNMp#4] Peixonauto: caused an explosion (CAR)
[6:36:16 PM] [hKNMp#4] Peixonauto: caused an explosion (TANKSHELL)
[6:36:18 PM] [hKNMp#4] Peixonauto: caused an explosion (TANKSHELL)
[6:36:21 PM] [hKNMp#4] Peixonauto: caused an explosion (TANKSHELL)
[6:36:22 PM] [hKNMp#4] Peixonauto: caused an explosion (CAR)
[6:36:25 PM] [hKNMp#4] Peixonauto: caused an explosion (TANKSHELL)
[6:36:26 PM] [hKNMp#4] Peixonauto: caused an explosion (TANKSHELL)
[6:36:28 PM] [hKNMp#4] Peixonauto: caused an explosion (TANKSHELL)
[6:36:30 PM] [hKNMp#4] Peixonauto: caused an explosion (TANKSHELL)
[6:36:30 PM] [hKNMp#4] Peixonauto: caused an explosion (CAR)
[6:36:30 PM] [hKNMp#4] Peixonauto: caused an explosion (CAR)
[6:36:31 PM] [hKNMp#4] Peixonauto: caused an explosion (TANKSHELL)
[6:36:31 PM] [hKNMp#4] Peixonauto: caused an explosion (CAR)
[6:36:34 PM] [hKNMp#4] Peixonauto: caused an explosion (TANKSHELL)
[6:36:34 PM] [hKNMp#4] Peixonauto: caused an explosion (TRUCK)
[6:36:39 PM] [hKNMp#4] Peixonauto: caused an explosion (TANKSHELL)
[6:36:40 PM] [hKNMp#4] Peixonauto: caused an explosion (TANKSHELL)
[6:36:40 PM] [hKNMp#4] Peixonauto: caused an explosion (CAR)
[6:36:42 PM] [hKNMp#4] Peixonauto: caused an explosion (TANKSHELL)
[6:36:45 PM] [hKNMp#4] Peixonauto: caused an explosion (TANKSHELL)
[6:36:45 PM] [hKNMp#4] Peixonauto: caused an explosion (CAR)
[6:36:47 PM] [hKNMp#4] Peixonauto: caused an explosion (TANKSHELL)
[6:36:52 PM] [hKNMp#4] Peixonauto: caused an explosion (TANKSHELL)
[6:36:55 PM] [hKNMp#4] Peixonauto: caused an explosion (TANKSHELL)
[6:36:55 PM] [hKNMp#4] Peixonauto: caused an explosion (CAR)
[6:36:58 PM] [hKNMp#4] Peixonauto: caused an explosion (TANKSHELL)
[6:36:58 PM] [hKNMp#4] Peixonauto: caused an explosion (CAR)
[6:37:02 PM] [hKNMp#4] Peixonauto: caused an explosion (TANKSHELL)
[6:37:04 PM] [hKNMp#4] Peixonauto: caused an explosion (TANKSHELL)
[6:37:06 PM] [hKNMp#4] Peixonauto: caused an explosion (TANKSHELL)
[6:37:06 PM] [hKNMp#4] Peixonauto: caused an explosion (CAR)
[6:37:09 PM] [hKNMp#4] Peixonauto: caused an explosion (TANKSHELL)
[6:37:09 PM] [hKNMp#4] Peixonauto: caused an explosion (PLANE)
[6:37:11 PM] [hKNMp#4] Peixonauto: caused an explosion (TANKSHELL)
[6:37:11 PM] [hKNMp#4] Peixonauto: caused an explosion (CAR)
[6:37:14 PM] [hKNMp#4] Peixonauto: caused an explosion (TANKSHELL)
[6:37:15 PM] [hKNMp#4] Peixonauto: caused an explosion (TANKSHELL)
[6:37:15 PM] [hKNMp#4] Peixonauto: caused an explosion (CAR)
[6:40:54 PM] [hKNMp#4] Peixonauto: died from suicide (SNS Pistol)
[6:46:29 PM] [hKNMp#4] Peixonauto: caused an explosion (PLANE)
[6:46:29 PM] [hKNMp#4] Peixonauto: died from suicide (Explosion)
[6:47:37 PM] [hKNMp#4] Peixonauto: disconnected (Exiting)
[7:45:24 PM] [hKNMp#5] Peixonauto: joined with identifiers [steam:1100001037b2d0e; license:a7fc8c851cfb70db10bbb8e838bbc48fa8d0cf9c; live:985155843894425; discord:1193866542396481560; fivem:9077769; license2:a7fc8c851cfb70db10bbb8e838bbc48fa8d0cf9c]
[7:47:47 PM] [hKNMp#5] Peixonauto: disconnected (Exiting)

================================================================
======== txAdmin Starting - 5/19/2024, 8:16:05 PM               
================================================================
[8:17:18 PM] txAdmin: Logger started
[8:19:16 PM] [WBYMR#1] ghsxth: joined with identifiers [steam:11000010b55307f; license:fdc00e8eae2c1c097946e8882e5a0266f8dd0abb; xbl:2533275021692626; live:844428383880324; discord:1162027375882686564; license2:2c62392f6274d372bfc9ef73a38764e4bce8a59f]
[8:24:28 PM] [WBYMR#2] Peixonauto: joined with identifiers [steam:1100001037b2d0e; license:a7fc8c851cfb70db10bbb8e838bbc48fa8d0cf9c; live:985155843894425; discord:1193866542396481560; fivem:9077769; license2:a7fc8c851cfb70db10bbb8e838bbc48fa8d0cf9c]
[8:26:35 PM] [WBYMR#1] ghsxth: died from Stone Hatchet by Peixonauto
[8:27:06 PM] [WBYMR#1] ghsxth: died from Stone Hatchet by Peixonauto
[8:28:06 PM] [WBYMR#2] Peixonauto: died from Combat Pistol by ghsxth
[8:28:13 PM] [WBYMR#1] ghsxth: died from Stone Hatchet by Peixonauto
[8:28:19 PM] [WBYMR#1] ghsxth: died from Stone Hatchet by Peixonauto
[8:28:58 PM] [WBYMR#1] ghsxth: died from suicide
[8:31:37 PM] [WBYMR#2] Peixonauto: caused an explosion (PLANE)
[8:31:37 PM] [WBYMR#2] Peixonauto: died from suicide (Explosion)
[8:31:37 PM] [WBYMR#1] ghsxth: died from Explosion by Peixonauto
[8:31:58 PM] [WBYMR#2] Peixonauto: caused an explosion (TANKSHELL)
[8:31:58 PM] [WBYMR#2] Peixonauto: caused an explosion (CAR)
[8:32:00 PM] [WBYMR#2] Peixonauto: caused an explosion (TANKSHELL)
[8:32:00 PM] [WBYMR#2] Peixonauto: caused an explosion (CAR)
[8:32:03 PM] [WBYMR#2] Peixonauto: caused an explosion (TANKSHELL)
[8:32:04 PM] [WBYMR#2] Peixonauto: caused an explosion (TANKSHELL)
[8:32:05 PM] [WBYMR#2] Peixonauto: caused an explosion (CAR)
[8:32:06 PM] [WBYMR#2] Peixonauto: caused an explosion (TANKSHELL)
[8:32:06 PM] [WBYMR#2] Peixonauto: caused an explosion (CAR)
[8:32:08 PM] [WBYMR#2] Peixonauto: caused an explosion (TANKSHELL)
[8:32:13 PM] [WBYMR#2] Peixonauto: caused an explosion (TANKSHELL)
[8:32:13 PM] [WBYMR#2] Peixonauto: caused an explosion (CAR)
[8:32:15 PM] [WBYMR#2] Peixonauto: disconnected (Exiting)
[8:34:02 PM] [WBYMR#1] ghsxth: disconnected (Server->client connection timed out. Last seen 36715 msec ago.)

================================================================
======== txAdmin Starting - 5/19/2024, 8:42:09 PM               
================================================================
[8:42:16 PM] txAdmin: Logger started
[8:43:00 PM] [Lhgam#1] ghsxth: joined with identifiers [steam:11000010b55307f; license:fdc00e8eae2c1c097946e8882e5a0266f8dd0abb; xbl:2533275021692626; live:844428383880324; discord:1162027375882686564; license2:2c62392f6274d372bfc9ef73a38764e4bce8a59f]
[8:56:04 PM] [Lhgam#1] ghsxth: disconnected (Exiting)

================================================================
======== txAdmin Starting - 5/19/2024, 9:01:13 PM               
================================================================
[9:01:36 PM] txAdmin: Logger started
[9:04:07 PM] [hmAEq#1] ghsxth: joined with identifiers [steam:11000010b55307f; license:fdc00e8eae2c1c097946e8882e5a0266f8dd0abb; xbl:2533275021692626; live:844428383880324; discord:1162027375882686564; license2:2c62392f6274d372bfc9ef73a38764e4bce8a59f]
[9:05:30 PM] [hmAEq#1] ghsxth: disconnected (Exiting)

================================================================
======== txAdmin Starting - 5/19/2024, 9:06:32 PM               
================================================================
[9:06:55 PM] txAdmin: Logger started
[9:07:21 PM] [ayQLM#1] ghsxth: joined with identifiers [steam:11000010b55307f; license:fdc00e8eae2c1c097946e8882e5a0266f8dd0abb; xbl:2533275021692626; live:844428383880324; discord:1162027375882686564; license2:2c62392f6274d372bfc9ef73a38764e4bce8a59f]
[9:11:13 PM] [ayQLM#1] ghsxth: died from suicide (Falling)
[9:11:29 PM] [ayQLM#1] ghsxth: disconnected (Exiting)

================================================================
======== txAdmin Starting - 5/19/2024, 10:48:23 PM              
================================================================
[10:48:31 PM] txAdmin: Logger started
[10:49:24 PM] [CxXkx#1] ghsxth: joined with identifiers [steam:11000010b55307f; license:fdc00e8eae2c1c097946e8882e5a0266f8dd0abb; xbl:2533275021692626; live:844428383880324; discord:1162027375882686564; license2:2c62392f6274d372bfc9ef73a38764e4bce8a59f]
[11:03:06 PM] [CxXkx#1] ghsxth: disconnected (Exiting)

================================================================
======== txAdmin Starting - 5/19/2024, 11:03:13 PM              
================================================================
[11:03:20 PM] txAdmin: Logger started
[11:03:54 PM] [W6yma#1] ghsxth: joined with identifiers [steam:11000010b55307f; license:fdc00e8eae2c1c097946e8882e5a0266f8dd0abb; xbl:2533275021692626; live:844428383880324; discord:1162027375882686564; license2:2c62392f6274d372bfc9ef73a38764e4bce8a59f]
[11:13:17 PM] [W6yma#1] ghsxth: disconnected (Exiting)

================================================================
======== txAdmin Starting - 5/19/2024, 11:13:24 PM              
================================================================
[11:13:31 PM] txAdmin: Logger started

================================================================
======== txAdmin Starting - 5/19/2024, 11:14:33 PM              
================================================================
[11:14:40 PM] txAdmin: Logger started
[11:14:54 PM] [MizgJ#1] ghsxth: joined with identifiers [steam:11000010b55307f; license:fdc00e8eae2c1c097946e8882e5a0266f8dd0abb; xbl:2533275021692626; live:844428383880324; discord:1162027375882686564; license2:2c62392f6274d372bfc9ef73a38764e4bce8a59f]
[11:33:17 PM] [MizgJ#1] ghsxth: disconnected (Game crashed: johnny-artist-red (GTA5_b2802.exe+1638457))

================================================================
======== txAdmin Starting - 5/19/2024, 11:37:42 PM              
================================================================
[11:38:12 PM] txAdmin: Logger started

================================================================
======== txAdmin Starting - 5/19/2024, 11:38:35 PM              
================================================================
[11:38:40 PM] txAdmin: Logger started

================================================================
======== txAdmin Starting - 5/19/2024, 11:39:22 PM              
================================================================
[11:39:29 PM] txAdmin: Logger started

================================================================
======== txAdmin Starting - 5/19/2024, 11:39:55 PM              
================================================================
[11:40:01 PM] txAdmin: Logger started

================================================================
======== txAdmin Starting - 5/19/2024, 11:40:13 PM              
================================================================

================================================================
======== txAdmin Starting - 5/19/2024, 11:40:23 PM              
================================================================
[11:40:50 PM] txAdmin: Logger started
[11:41:16 PM] [Xrjnn#1] ghsxth: joined with identifiers [steam:11000010b55307f; license:fdc00e8eae2c1c097946e8882e5a0266f8dd0abb; xbl:2533275021692626; live:844428383880324; discord:1162027375882686564; license2:2c62392f6274d372bfc9ef73a38764e4bce8a59f]
[11:46:09 PM] [Xrjnn#1] ghsxth: disconnected (Exiting)

================================================================
======== txAdmin Starting - 5/19/2024, 11:46:41 PM              
================================================================

================================================================
======== txAdmin Starting - 5/19/2024, 11:46:51 PM              
================================================================
[11:47:23 PM] txAdmin: Logger started
[11:47:53 PM] [YwxGe#1] ghsxth: joined with identifiers [steam:11000010b55307f; license:fdc00e8eae2c1c097946e8882e5a0266f8dd0abb; xbl:2533275021692626; live:844428383880324; discord:1162027375882686564; license2:2c62392f6274d372bfc9ef73a38764e4bce8a59f]
[11:52:37 PM] [YwxGe#1] ghsxth: disconnected (Exiting)

================================================================
======== txAdmin Starting - 5/19/2024, 11:52:49 PM              
================================================================
[11:53:01 PM] txAdmin: Logger started
[11:53:17 PM] [9yWtY#1] ghsxth: joined with identifiers [steam:11000010b55307f; license:fdc00e8eae2c1c097946e8882e5a0266f8dd0abb; xbl:2533275021692626; live:844428383880324; discord:1162027375882686564; license2:2c62392f6274d372bfc9ef73a38764e4bce8a59f]
[11:55:58 PM] [9yWtY#1] ghsxth: disconnected (Exiting)

================================================================
======== txAdmin Starting - 5/19/2024, 11:56:23 PM              
================================================================
[11:56:29 PM] txAdmin: Logger started
